<?xml version="1.0" encoding="UTF-8"?>
<testsuite xmlns:xsi="http://www.w3.org/2001/XMLSchema-instance" xsi:noNamespaceSchemaLocation="https://maven.apache.org/surefire/maven-surefire-plugin/xsd/surefire-test-report-3.0.xsd" version="3.0" name="L2021112132_Solution6_Test" time="0.051" tests="3" errors="0" skipped="0" failures="0">
  <properties>
[...]
</properties>
  <testcase name="testSolution6_1" classname="L2021112132_Solution6_Test" time="0.004"/>
  <testcase name="testSolution6_2" classname="L2021112132_Solution6_Test" time="0.0"/>
  <testcase name="testSolution6_3" classname="L2021112132_Solution6_Test" time="0.0"/>
</testsuite>